[11:29:10.172][info] [#0:/home/rangeledward1/.vscode-oss/extensions/sumneko.lua-3.15.0-linux-x64/server/main.lua:68]: Lua Lsp startup, root: 	/home/rangeledward1/.vscode-oss/extensions/sumneko.lua-3.15.0-linux-x64/server
[11:29:10.173][info] [#0:/home/rangeledward1/.vscode-oss/extensions/sumneko.lua-3.15.0-linux-x64/server/main.lua:69]: ROOT:	/home/rangeledward1/.vscode-oss/extensions/sumneko.lua-3.15.0-linux-x64/server
[11:29:10.173][info] [#0:/home/rangeledward1/.vscode-oss/extensions/sumneko.lua-3.15.0-linux-x64/server/main.lua:70]: LOGPATH:	/home/rangeledward1/.vscode-oss/extensions/sumneko.lua-3.15.0-linux-x64/server/log
[11:29:10.173][info] [#0:/home/rangeledward1/.vscode-oss/extensions/sumneko.lua-3.15.0-linux-x64/server/main.lua:71]: METAPATH:	/home/rangeledward1/.vscode-oss/extensions/sumneko.lua-3.15.0-linux-x64/server/meta
[11:29:10.173][info] [#0:/home/rangeledward1/.vscode-oss/extensions/sumneko.lua-3.15.0-linux-x64/server/main.lua:72]: VERSION:	3.15.0
[11:29:10.197][info] [#0:script/proto/proto.lua:260]: Listen Mode: stdio
[11:29:10.197][info] [#0:script/service/service.lua:145]: 
========= Medical Examination Report =========
    --------------- Memory ---------------
        Total: 2.266 MB
        # 00 : 2.266 MB
        # 01 : 0.000 MB
        # 02 : 0.000 MB
        # 03 : 0.000 MB
        # 04 : 0.000 MB
    --------------- Coroutine ---------------
        Total:     0
        Running:   0
        Suspended: 0
        Normal:    0
        Dead:      0
    --------------- Cache ---------------
        Total: 1
        Dead:  0
    ---------------  RPC  ---------------
        Holdon:   0
        Waiting:  0
==============================================
[11:29:10.303][info] [#0:script/client.lua:657]: Client init	{
  capabilities = {
    general = {
      markdown = {
        allowedTags = { "ul", "li", "p", "code", "blockquote", "ol", "h1", "h2", "h3", "h4", "h5", "h6", "hr", "em", "pre", "table", "thead", "tbody", "tr", "th", "td", "div", "del", "a", "strong", "br", "img", "span" },
        parser = "marked",
        version = "1.1.0"
      },
      positionEncodings = { "utf-16" },
      regularExpressions = {
        engine = "ECMAScript",
        version = "ES2020"
      },
      staleRequestSupport = {
        cancel = true,
        retryOnContentModified = { "textDocument/semanticTokens/full", "textDocument/semanticTokens/range", "textDocument/semanticTokens/full/delta" }
      }
    },
    notebookDocument = {
      synchronization = {
        dynamicRegistration = true,
        executionSummarySupport = true
      }
    },
    textDocument = {
      callHierarchy = {
        dynamicRegistration = true
      },
      codeAction = {
        codeActionLiteralSupport = {
          codeActionKind = {
            valueSet = { "", "quickfix", "refactor", "refactor.extract", "refactor.inline", "refactor.rewrite", "source", "source.organizeImports" }
          }
        },
        dataSupport = true,
        disabledSupport = true,
        dynamicRegistration = true,
        honorsChangeAnnotations = true,
        isPreferredSupport = true,
        resolveSupport = {
          properties = { "edit" }
        }
      },
      codeLens = {
        dynamicRegistration = true
      },
      colorProvider = {
        dynamicRegistration = true
      },
      completion = {
        completionItem = {
          commitCharactersSupport = true,
          deprecatedSupport = true,
          documentationFormat = { "markdown", "plaintext" },
          insertReplaceSupport = true,
          insertTextModeSupport = {
            valueSet = { 1, 2 }
          },
          labelDetailsSupport = true,
          preselectSupport = true,
          resolveSupport = {
            properties = { "documentation", "detail", "additionalTextEdits" }
          },
          snippetSupport = true,
          tagSupport = {
            valueSet = { 1 }
          }
        },
        completionItemKind = {
          valueSet = { 1, 2, 3, 4, 5, 6, 7, 8, 9, 10, 11, 12, 13, 14, 15, 16, 17, 18, 19, 20, 21, 22, 23, 24, 25 }
        },
        completionList = {
          itemDefaults = { "commitCharacters", "editRange", "insertTextFormat", "insertTextMode", "data" }
        },
        contextSupport = true,
        dynamicRegistration = true,
        insertTextMode = 2
      },
      declaration = {
        dynamicRegistration = true,
        linkSupport = true
      },
      definition = {
        dynamicRegistration = true,
        linkSupport = true
      },
      diagnostic = {
        dynamicRegistration = true,
        relatedDocumentSupport = false
      },
      documentHighlight = {
        dynamicRegistration = true
      },
      documentLink = {
        dynamicRegistration = true,
        tooltipSupport = true
      },
      documentSymbol = {
        dynamicRegistration = true,
        hierarchicalDocumentSymbolSupport = true,
        labelSupport = true,
        symbolKind = {
          valueSet = { 1, 2, 3, 4, 5, 6, 7, 8, 9, 10, 11, 12, 13, 14, 15, 16, 17, 18, 19, 20, 21, 22, 23, 24, 25, 26 }
        },
        tagSupport = {
          valueSet = { 1 }
        }
      },
      foldingRange = {
        dynamicRegistration = true,
        foldingRange = {
          collapsedText = false
        },
        foldingRangeKind = {
          valueSet = { "comment", "imports", "region" }
        },
        lineFoldingOnly = true,
        rangeLimit = 5000
      },
      formatting = {
        dynamicRegistration = true
      },
      hover = {
        contentFormat = { "markdown", "plaintext" },
        dynamicRegistration = true
      },
      implementation = {
        dynamicRegistration = true,
        linkSupport = true
      },
      inlayHint = {
        dynamicRegistration = true,
        resolveSupport = {
          properties = { "tooltip", "textEdits", "label.tooltip", "label.location", "label.command" }
        }
      },
      inlineValue = {
        dynamicRegistration = true
      },
      linkedEditingRange = {
        dynamicRegistration = true
      },
      onTypeFormatting = {
        dynamicRegistration = true
      },
      publishDiagnostics = {
        codeDescriptionSupport = true,
        dataSupport = true,
        relatedInformation = true,
        tagSupport = {
          valueSet = { 1, 2 }
        },
        versionSupport = false
      },
      rangeFormatting = {
        dynamicRegistration = true,
        rangesSupport = true
      },
      references = {
        dynamicRegistration = true
      },
      rename = {
        dynamicRegistration = true,
        honorsChangeAnnotations = true,
        prepareSupport = true,
        prepareSupportDefaultBehavior = 1
      },
      selectionRange = {
        dynamicRegistration = true
      },
      semanticTokens = {
        augmentsSyntaxTokens = true,
        dynamicRegistration = true,
        formats = { "relative" },
        multilineTokenSupport = false,
        overlappingTokenSupport = false,
        requests = {
          full = {
            delta = true
          },
          range = true
        },
        serverCancelSupport = true,
        tokenModifiers = { "declaration", "definition", "readonly", "static", "deprecated", "abstract", "async", "modification", "documentation", "defaultLibrary" },
        tokenTypes = { "namespace", "type", "class", "enum", "interface", "struct", "typeParameter", "parameter", "variable", "property", "enumMember", "event", "function", "method", "macro", "keyword", "modifier", "comment", "string", "number", "regexp", "operator", "decorator" }
      },
      signatureHelp = {
        contextSupport = true,
        dynamicRegistration = true,
        signatureInformation = {
          activeParameterSupport = true,
          documentationFormat = { "markdown", "plaintext" },
          parameterInformation = {
            labelOffsetSupport = true
          }
        }
      },
      synchronization = {
        didSave = true,
        dynamicRegistration = true,
        willSave = true,
        willSaveWaitUntil = true
      },
      typeDefinition = {
        dynamicRegistration = true,
        linkSupport = true
      },
      typeHierarchy = {
        dynamicRegistration = true
      }
    },
    window = {
      showDocument = {
        support = true
      },
      showMessage = {
        messageActionItem = {
          additionalPropertiesSupport = true
        }
      },
      workDoneProgress = true
    },
    workspace = {
      applyEdit = true,
      codeLens = {
        refreshSupport = true
      },
      configuration = true,
      diagnostics = {
        refreshSupport = true
      },
      didChangeConfiguration = {
        dynamicRegistration = true
      },
      didChangeWatchedFiles = {
        dynamicRegistration = true,
        relativePatternSupport = true
      },
      executeCommand = {
        dynamicRegistration = true
      },
      fileOperations = {
        didCreate = true,
        didDelete = true,
        didRename = true,
        dynamicRegistration = true,
        willCreate = true,
        willDelete = true,
        willRename = true
      },
      foldingRange = {
        refreshSupport = true
      },
      inlayHint = {
        refreshSupport = true
      },
      inlineValue = {
        refreshSupport = true
      },
      semanticTokens = {
        refreshSupport = true
      },
      symbol = {
        dynamicRegistration = true,
        resolveSupport = {
          properties = { "location.range" }
        },
        symbolKind = {
          valueSet = { 1, 2, 3, 4, 5, 6, 7, 8, 9, 10, 11, 12, 13, 14, 15, 16, 17, 18, 19, 20, 21, 22, 23, 24, 25, 26 }
        },
        tagSupport = {
          valueSet = { 1 }
        }
      },
      workspaceEdit = {
        changeAnnotationSupport = {
          groupsOnLabel = true
        },
        documentChanges = true,
        failureHandling = "textOnlyTransactional",
        normalizesLineEndings = true,
        resourceOperations = { "create", "rename", "delete" }
      },
      workspaceFolders = true
    }
  },
  clientInfo = {
    name = "VSCodium",
    version = "1.103.1"
  },
  initializationOptions = {
    changeConfiguration = true,
    codeLensViewReferences = true,
    fixIndents = true,
    languageConfiguration = true,
    statusBar = true,
    storagePath = "/home/rangeledward1/.config/VSCodium/User/globalStorage/sumneko.lua",
    trustByClient = true,
    useSemanticByRange = true,
    viewDocument = true
  },
  locale = "en",
  processId = 7323,
  rootPath = "/home/rangeledward1/Documents/learning-lua/mastering_lua",
  rootUri = "file:///home/rangeledward1/Documents/learning-lua/mastering_lua",
  trace = "off",
  workDoneToken = "441e3512-a8e8-4c9a-a544-50af6da6f6fd",
  workspaceFolders = { {
      name = "mastering_lua",
      uri = "file:///home/rangeledward1/Documents/learning-lua/mastering_lua"
    } }
}
[11:29:10.303][info] [#0:script/language.lua:137]: VSC language: en
[11:29:10.303][info] [#0:script/language.lua:138]: LS  language: en-us
[11:29:10.303][info] [#0:script/workspace/workspace.lua:38]: Workspace init root: 	file:///home/rangeledward1/Documents/learning-lua/mastering_lua
[11:29:10.303][info] [#0:script/workspace/workspace.lua:42]: Log path: 	/home/rangeledward1/.vscode-oss/extensions/sumneko.lua-3.15.0-linux-x64/server/log/file_home_rangeledward1_Documents_learning-lua_mastering_lua.log
[11:29:10.303][info] [#0:script/workspace/workspace.lua:48]: Workspace create: 	file:///home/rangeledward1/Documents/learning-lua/mastering_lua
[11:29:10.539][info] [#0:script/provider/provider.lua:49]: Load config from client	file:///home/rangeledward1/Documents/learning-lua/mastering_lua
[11:29:10.539][info] [#0:script/provider/provider.lua:50]: {
  Lua = {
    addonManager = {
      enable = true,
      repositoryBranch = "",
      repositoryPath = ""
    },
    addonRepositoryPath = "",
    codeLens = {
      enable = false
    },
    completion = {
      autoRequire = true,
      callSnippet = "Disable",
      displayContext = 0,
      enable = true,
      keywordSnippet = "Replace",
      postfix = "@",
      requireSeparator = ".",
      showParams = true,
      showWord = "Fallback",
      workspaceWord = true
    },
    diagnostics = {
      disable = {},
      disableScheme = { "git" },
      enable = true,
      globals = {},
      globalsRegex = {},
      groupFileStatus = {},
      groupSeverity = {},
      ignoredFiles = "Opened",
      libraryFiles = "Opened",
      neededFileStatus = {},
      severity = {},
      unusedLocalExclude = {},
      workspaceDelay = 3000,
      workspaceEvent = "OnSave",
      workspaceRate = 100
    },
    doc = {
      packageName = {},
      privateName = {},
      protectedName = {},
      regengine = "glob"
    },
    docScriptPath = "",
    format = {
      defaultConfig = {},
      enable = true
    },
    hint = {
      arrayIndex = "Auto",
      await = true,
      awaitPropagate = false,
      enable = false,
      paramName = "All",
      paramType = true,
      semicolon = "SameLine",
      setType = false
    },
    hover = {
      enable = true,
      enumsLimit = 5,
      expandAlias = true,
      previewFields = 10,
      viewNumber = true,
      viewString = true,
      viewStringMax = 1000
    },
    language = {
      completeAnnotation = true,
      fixIndent = true
    },
    misc = {
      executablePath = "",
      parameters = {}
    },
    nameStyle = {
      config = {}
    },
    runtime = {
      builtin = {},
      fileEncoding = "utf8",
      meta = "${version} ${language} ${encoding}",
      nonstandardSymbol = {},
      path = { "?.lua", "?/init.lua" },
      pathStrict = false,
      plugin = "",
      pluginArgs = {},
      special = {},
      unicodeName = false,
      version = "Lua 5.4"
    },
    semantic = {
      annotation = true,
      enable = true,
      keyword = false,
      variable = true
    },
    signatureHelp = {
      enable = true
    },
    spell = {
      dict = {}
    },
    type = {
      castNumberToInteger = true,
      checkTableShape = false,
      inferParamType = false,
      inferTableSize = 10,
      maxUnionVariants = 0,
      weakNilCheck = false,
      weakUnionCheck = false
    },
    typeFormat = {
      config = {}
    },
    window = {
      progressBar = true,
      statusBar = true
    },
    workspace = {
      checkThirdParty = "",
      ignoreDir = { ".vscode" },
      ignoreSubmodules = true,
      library = {},
      maxPreload = 5000,
      preloadFileSize = 500,
      useGitIgnore = true,
      userThirdParty = {}
    }
  },
  ["editor.acceptSuggestionOnEnter"] = "on",
  ["editor.semanticHighlighting.enabled"] = "configuredByTheme",
  ["files.associations"] = {},
  ["files.exclude"] = {
    ["**/.DS_Store"] = true,
    ["**/.git"] = true,
    ["**/.hg"] = true,
    ["**/.svn"] = true,
    ["**/Thumbs.db"] = true
  }
}
[11:29:10.540][info] [#0:script/provider/completion.lua:43]: Enable completion.
[11:29:10.641][info] [#0:script/provider/provider.lua:65]: Load config from client	fallback
[11:29:10.641][info] [#0:script/provider/provider.lua:66]: {
  Lua = {
    addonManager = {
      enable = true,
      repositoryBranch = "",
      repositoryPath = ""
    },
    addonRepositoryPath = "",
    codeLens = {
      enable = false
    },
    completion = {
      autoRequire = true,
      callSnippet = "Disable",
      displayContext = 0,
      enable = true,
      keywordSnippet = "Replace",
      postfix = "@",
      requireSeparator = ".",
      showParams = true,
      showWord = "Fallback",
      workspaceWord = true
    },
    diagnostics = {
      disable = {},
      disableScheme = { "git" },
      enable = true,
      globals = {},
      globalsRegex = {},
      groupFileStatus = {},
      groupSeverity = {},
      ignoredFiles = "Opened",
      libraryFiles = "Opened",
      neededFileStatus = {},
      severity = {},
      unusedLocalExclude = {},
      workspaceDelay = 3000,
      workspaceEvent = "OnSave",
      workspaceRate = 100
    },
    doc = {
      packageName = {},
      privateName = {},
      protectedName = {},
      regengine = "glob"
    },
    docScriptPath = "",
    format = {
      defaultConfig = {},
      enable = true
    },
    hint = {
      arrayIndex = "Auto",
      await = true,
      awaitPropagate = false,
      enable = false,
      paramName = "All",
      paramType = true,
      semicolon = "SameLine",
      setType = false
    },
    hover = {
      enable = true,
      enumsLimit = 5,
      expandAlias = true,
      previewFields = 10,
      viewNumber = true,
      viewString = true,
      viewStringMax = 1000
    },
    language = {
      completeAnnotation = true,
      fixIndent = true
    },
    misc = {
      executablePath = "",
      parameters = {}
    },
    nameStyle = {
      config = {}
    },
    runtime = {
      builtin = {},
      fileEncoding = "utf8",
      meta = "${version} ${language} ${encoding}",
      nonstandardSymbol = {},
      path = { "?.lua", "?/init.lua" },
      pathStrict = false,
      plugin = "",
      pluginArgs = {},
      special = {},
      unicodeName = false,
      version = "Lua 5.4"
    },
    semantic = {
      annotation = true,
      enable = true,
      keyword = false,
      variable = true
    },
    signatureHelp = {
      enable = true
    },
    spell = {
      dict = {}
    },
    type = {
      castNumberToInteger = true,
      checkTableShape = false,
      inferParamType = false,
      inferTableSize = 10,
      maxUnionVariants = 0,
      weakNilCheck = false,
      weakUnionCheck = false
    },
    typeFormat = {
      config = {}
    },
    window = {
      progressBar = true,
      statusBar = true
    },
    workspace = {
      checkThirdParty = "",
      ignoreDir = { ".vscode" },
      ignoreSubmodules = true,
      library = {},
      maxPreload = 5000,
      preloadFileSize = 500,
      useGitIgnore = true,
      userThirdParty = {}
    }
  },
  ["editor.acceptSuggestionOnEnter"] = "on",
  ["editor.semanticHighlighting.enabled"] = "configuredByTheme",
  ["files.associations"] = {},
  ["files.exclude"] = {
    ["**/.DS_Store"] = true,
    ["**/.git"] = true,
    ["**/.hg"] = true,
    ["**/.svn"] = true,
    ["**/Thumbs.db"] = true
  }
}
[11:29:10.851][info] [#0:script/plugin.lua:125]: plugin path:	/home/rangeledward1/Documents/learning-lua/mastering_lua
[11:29:10.851][warn] [#0:script/plugin.lua:140]: plugin not found:	/home/rangeledward1/Documents/learning-lua/mastering_lua
[11:29:10.851][info] [#0:script/library.lua:212]: Init builtin library at:	file:///home/rangeledward1/Documents/learning-lua/mastering_lua
[11:29:10.861][info] [#0:script/library.lua:212]: Init builtin library at:	nil
[11:29:10.968][info] [#0:script/workspace/workspace.lua:330]: Preload start:	file:///home/rangeledward1/Documents/learning-lua/mastering_lua
[11:29:10.972][info] [#0:script/workspace/workspace.lua:336]: Scan files at:	file:///home/rangeledward1/Documents/learning-lua/mastering_lua
[11:29:10.972][info] [#0:script/workspace/workspace.lua:330]: Preload start:	<fallback>
[11:29:10.973][info] [#0:script/workspace/workspace.lua:359]: Scan library at:	file:///home/rangeledward1/.vscode-oss/extensions/sumneko.lua-3.15.0-linux-x64/server/meta/Lua%205.4%20en-us%20utf8/package.lua
[11:29:10.974][info] [#0:script/workspace/workspace.lua:359]: Scan library at:	file:///home/rangeledward1/.vscode-oss/extensions/sumneko.lua-3.15.0-linux-x64/server/meta/Lua%205.4%20en-us%20utf8/table.lua
[11:29:10.974][info] [#0:script/workspace/workspace.lua:359]: Scan library at:	file:///home/rangeledward1/.vscode-oss/extensions/sumneko.lua-3.15.0-linux-x64/server/meta/Lua%205.4%20en-us%20utf8/debug.lua
[11:29:10.974][info] [#0:script/workspace/workspace.lua:359]: Scan library at:	file:///home/rangeledward1/.vscode-oss/extensions/sumneko.lua-3.15.0-linux-x64/server/meta/Lua%205.4%20en-us%20utf8/coroutine.lua
[11:29:10.974][info] [#0:script/workspace/workspace.lua:359]: Scan library at:	file:///home/rangeledward1/.vscode-oss/extensions/sumneko.lua-3.15.0-linux-x64/server/meta/Lua%205.4%20en-us%20utf8/math.lua
[11:29:10.974][info] [#0:script/workspace/workspace.lua:359]: Scan library at:	file:///home/rangeledward1/.vscode-oss/extensions/sumneko.lua-3.15.0-linux-x64/server/meta/Lua%205.4%20en-us%20utf8/io.lua
[11:29:10.975][info] [#0:script/workspace/workspace.lua:359]: Scan library at:	file:///home/rangeledward1/.vscode-oss/extensions/sumneko.lua-3.15.0-linux-x64/server/meta/Lua%205.4%20en-us%20utf8/string.lua
[11:29:10.975][info] [#0:script/workspace/workspace.lua:359]: Scan library at:	file:///home/rangeledward1/.vscode-oss/extensions/sumneko.lua-3.15.0-linux-x64/server/meta/Lua%205.4%20en-us%20utf8/basic.lua
[11:29:10.975][info] [#0:script/workspace/workspace.lua:359]: Scan library at:	file:///home/rangeledward1/.vscode-oss/extensions/sumneko.lua-3.15.0-linux-x64/server/meta/Lua%205.4%20en-us%20utf8/builtin.lua
[11:29:10.975][info] [#0:script/workspace/workspace.lua:359]: Scan library at:	file:///home/rangeledward1/.vscode-oss/extensions/sumneko.lua-3.15.0-linux-x64/server/meta/Lua%205.4%20en-us%20utf8/os.lua
[11:29:10.975][info] [#0:script/workspace/workspace.lua:359]: Scan library at:	file:///home/rangeledward1/.vscode-oss/extensions/sumneko.lua-3.15.0-linux-x64/server/meta/Lua%205.4%20en-us%20utf8/utf8.lua
[11:29:10.976][info] [#0:script/workspace/workspace.lua:359]: Scan library at:	file:///home/rangeledward1/.vscode-oss/extensions/sumneko.lua-3.15.0-linux-x64/server/meta/Lua%205.4%20en-us%20utf8/package.lua
[11:29:10.976][info] [#0:script/workspace/workspace.lua:359]: Scan library at:	file:///home/rangeledward1/.vscode-oss/extensions/sumneko.lua-3.15.0-linux-x64/server/meta/Lua%205.4%20en-us%20utf8/table.lua
[11:29:10.976][info] [#0:script/workspace/workspace.lua:359]: Scan library at:	file:///home/rangeledward1/.vscode-oss/extensions/sumneko.lua-3.15.0-linux-x64/server/meta/Lua%205.4%20en-us%20utf8/debug.lua
[11:29:10.976][info] [#0:script/workspace/workspace.lua:359]: Scan library at:	file:///home/rangeledward1/.vscode-oss/extensions/sumneko.lua-3.15.0-linux-x64/server/meta/Lua%205.4%20en-us%20utf8/coroutine.lua
[11:29:10.976][info] [#0:script/workspace/workspace.lua:359]: Scan library at:	file:///home/rangeledward1/.vscode-oss/extensions/sumneko.lua-3.15.0-linux-x64/server/meta/Lua%205.4%20en-us%20utf8/math.lua
[11:29:10.976][info] [#0:script/workspace/workspace.lua:359]: Scan library at:	file:///home/rangeledward1/.vscode-oss/extensions/sumneko.lua-3.15.0-linux-x64/server/meta/Lua%205.4%20en-us%20utf8/io.lua
[11:29:10.977][info] [#0:script/workspace/workspace.lua:359]: Scan library at:	file:///home/rangeledward1/.vscode-oss/extensions/sumneko.lua-3.15.0-linux-x64/server/meta/Lua%205.4%20en-us%20utf8/string.lua
[11:29:10.977][info] [#0:script/workspace/workspace.lua:359]: Scan library at:	file:///home/rangeledward1/.vscode-oss/extensions/sumneko.lua-3.15.0-linux-x64/server/meta/Lua%205.4%20en-us%20utf8/basic.lua
[11:29:10.977][info] [#0:script/workspace/workspace.lua:359]: Scan library at:	file:///home/rangeledward1/.vscode-oss/extensions/sumneko.lua-3.15.0-linux-x64/server/meta/Lua%205.4%20en-us%20utf8/builtin.lua
[11:29:10.977][info] [#0:script/workspace/workspace.lua:359]: Scan library at:	file:///home/rangeledward1/.vscode-oss/extensions/sumneko.lua-3.15.0-linux-x64/server/meta/Lua%205.4%20en-us%20utf8/os.lua
[11:29:10.977][info] [#0:script/workspace/workspace.lua:359]: Scan library at:	file:///home/rangeledward1/.vscode-oss/extensions/sumneko.lua-3.15.0-linux-x64/server/meta/Lua%205.4%20en-us%20utf8/utf8.lua
[11:29:11.078][info] [#0:script/workspace/workspace.lua:385]: Found 11 files at:	<fallback>
[11:29:11.078][info] [#0:script/workspace/loading.lua:160]: Load files from disk:	<fallback>
[11:29:11.078][info] [#0:script/workspace/workspace.lua:385]: Found 13 files at:	file:///home/rangeledward1/Documents/learning-lua/mastering_lua
[11:29:11.078][info] [#0:script/workspace/loading.lua:160]: Load files from disk:	file:///home/rangeledward1/Documents/learning-lua/mastering_lua
[11:29:11.079][info] [#0:script/workspace/loading.lua:100]: Preload file at: file:///home/rangeledward1/.vscode-oss/extensions/sumneko.lua-3.15.0-linux-x64/server/meta/Lua%205.4%20en-us%20utf8/utf8.lua , size = 2.447 KB
[11:29:11.080][info] [#0:script/workspace/loading.lua:112]: ++++As library of:	file:///home/rangeledward1/.vscode-oss/extensions/sumneko.lua-3.15.0-linux-x64/server/meta/Lua%205.4%20en-us%20utf8/utf8.lua
[11:29:11.080][info] [#0:script/workspace/loading.lua:97]: Skip loaded file: file:///home/rangeledward1/.vscode-oss/extensions/sumneko.lua-3.15.0-linux-x64/server/meta/Lua%205.4%20en-us%20utf8/utf8.lua
[11:29:11.080][info] [#0:script/workspace/loading.lua:100]: Preload file at: file:///home/rangeledward1/.vscode-oss/extensions/sumneko.lua-3.15.0-linux-x64/server/meta/Lua%205.4%20en-us%20utf8/os.lua , size = 5.875 KB
[11:29:11.083][info] [#0:script/workspace/loading.lua:112]: ++++As library of:	file:///home/rangeledward1/.vscode-oss/extensions/sumneko.lua-3.15.0-linux-x64/server/meta/Lua%205.4%20en-us%20utf8/os.lua
[11:29:11.083][info] [#0:script/workspace/loading.lua:100]: Preload file at: file:///home/rangeledward1/.vscode-oss/extensions/sumneko.lua-3.15.0-linux-x64/server/meta/Lua%205.4%20en-us%20utf8/builtin.lua , size = 0.302 KB
[11:29:11.083][info] [#0:script/workspace/loading.lua:112]: ++++As library of:	file:///home/rangeledward1/.vscode-oss/extensions/sumneko.lua-3.15.0-linux-x64/server/meta/Lua%205.4%20en-us%20utf8/builtin.lua
[11:29:11.083][info] [#0:script/workspace/loading.lua:97]: Skip loaded file: file:///home/rangeledward1/.vscode-oss/extensions/sumneko.lua-3.15.0-linux-x64/server/meta/Lua%205.4%20en-us%20utf8/builtin.lua
[11:29:11.083][info] [#0:script/workspace/loading.lua:97]: Skip loaded file: file:///home/rangeledward1/.vscode-oss/extensions/sumneko.lua-3.15.0-linux-x64/server/meta/Lua%205.4%20en-us%20utf8/os.lua
[11:29:11.083][info] [#0:script/workspace/loading.lua:100]: Preload file at: file:///home/rangeledward1/.vscode-oss/extensions/sumneko.lua-3.15.0-linux-x64/server/meta/Lua%205.4%20en-us%20utf8/basic.lua , size = 16.192 KB
[11:29:11.091][info] [#0:script/workspace/loading.lua:112]: ++++As library of:	file:///home/rangeledward1/.vscode-oss/extensions/sumneko.lua-3.15.0-linux-x64/server/meta/Lua%205.4%20en-us%20utf8/basic.lua
[11:29:11.091][info] [#0:script/workspace/loading.lua:97]: Skip loaded file: file:///home/rangeledward1/.vscode-oss/extensions/sumneko.lua-3.15.0-linux-x64/server/meta/Lua%205.4%20en-us%20utf8/basic.lua
[11:29:11.091][info] [#0:script/workspace/loading.lua:100]: Preload file at: file:///home/rangeledward1/.vscode-oss/extensions/sumneko.lua-3.15.0-linux-x64/server/meta/Lua%205.4%20en-us%20utf8/string.lua , size = 5.401 KB
[11:29:11.093][info] [#0:script/workspace/loading.lua:112]: ++++As library of:	file:///home/rangeledward1/.vscode-oss/extensions/sumneko.lua-3.15.0-linux-x64/server/meta/Lua%205.4%20en-us%20utf8/string.lua
[11:29:11.093][info] [#0:script/workspace/loading.lua:97]: Skip loaded file: file:///home/rangeledward1/.vscode-oss/extensions/sumneko.lua-3.15.0-linux-x64/server/meta/Lua%205.4%20en-us%20utf8/string.lua
[11:29:11.093][info] [#0:script/workspace/loading.lua:100]: Preload file at: file:///home/rangeledward1/.vscode-oss/extensions/sumneko.lua-3.15.0-linux-x64/server/meta/Lua%205.4%20en-us%20utf8/io.lua , size = 6.566 KB
[11:29:11.098][info] [#0:script/workspace/loading.lua:112]: ++++As library of:	file:///home/rangeledward1/.vscode-oss/extensions/sumneko.lua-3.15.0-linux-x64/server/meta/Lua%205.4%20en-us%20utf8/io.lua
[11:29:11.098][info] [#0:script/workspace/loading.lua:97]: Skip loaded file: file:///home/rangeledward1/.vscode-oss/extensions/sumneko.lua-3.15.0-linux-x64/server/meta/Lua%205.4%20en-us%20utf8/io.lua
[11:29:11.098][info] [#0:script/workspace/loading.lua:100]: Preload file at: file:///home/rangeledward1/.vscode-oss/extensions/sumneko.lua-3.15.0-linux-x64/server/meta/Lua%205.4%20en-us%20utf8/math.lua , size = 8.858 KB
[11:29:11.101][info] [#0:script/workspace/loading.lua:112]: ++++As library of:	file:///home/rangeledward1/.vscode-oss/extensions/sumneko.lua-3.15.0-linux-x64/server/meta/Lua%205.4%20en-us%20utf8/math.lua
[11:29:11.101][info] [#0:script/workspace/loading.lua:88]: Skip loaded file: file:///home/rangeledward1/.vscode-oss/extensions/sumneko.lua-3.15.0-linux-x64/server/meta/Lua%205.4%20en-us%20utf8/math.lua
[11:29:11.101][info] [#0:script/workspace/loading.lua:112]: ++++As library of:	file:///home/rangeledward1/.vscode-oss/extensions/sumneko.lua-3.15.0-linux-x64/server/meta/Lua%205.4%20en-us%20utf8/math.lua
[11:29:11.101][info] [#0:script/workspace/loading.lua:100]: Preload file at: file:///home/rangeledward1/.vscode-oss/extensions/sumneko.lua-3.15.0-linux-x64/server/meta/Lua%205.4%20en-us%20utf8/coroutine.lua , size = 2.669 KB
[11:29:11.102][info] [#0:script/workspace/loading.lua:112]: ++++As library of:	file:///home/rangeledward1/.vscode-oss/extensions/sumneko.lua-3.15.0-linux-x64/server/meta/Lua%205.4%20en-us%20utf8/coroutine.lua
[11:29:11.102][info] [#0:script/workspace/loading.lua:88]: Skip loaded file: file:///home/rangeledward1/.vscode-oss/extensions/sumneko.lua-3.15.0-linux-x64/server/meta/Lua%205.4%20en-us%20utf8/coroutine.lua
[11:29:11.102][info] [#0:script/workspace/loading.lua:112]: ++++As library of:	file:///home/rangeledward1/.vscode-oss/extensions/sumneko.lua-3.15.0-linux-x64/server/meta/Lua%205.4%20en-us%20utf8/coroutine.lua
[11:29:11.102][info] [#0:script/workspace/loading.lua:100]: Preload file at: file:///home/rangeledward1/.vscode-oss/extensions/sumneko.lua-3.15.0-linux-x64/server/meta/Lua%205.4%20en-us%20utf8/debug.lua , size = 7.812 KB
[11:29:11.106][info] [#0:script/workspace/loading.lua:112]: ++++As library of:	file:///home/rangeledward1/.vscode-oss/extensions/sumneko.lua-3.15.0-linux-x64/server/meta/Lua%205.4%20en-us%20utf8/debug.lua
[11:29:11.106][info] [#0:script/workspace/loading.lua:88]: Skip loaded file: file:///home/rangeledward1/.vscode-oss/extensions/sumneko.lua-3.15.0-linux-x64/server/meta/Lua%205.4%20en-us%20utf8/debug.lua
[11:29:11.106][info] [#0:script/workspace/loading.lua:112]: ++++As library of:	file:///home/rangeledward1/.vscode-oss/extensions/sumneko.lua-3.15.0-linux-x64/server/meta/Lua%205.4%20en-us%20utf8/debug.lua
[11:29:11.106][info] [#0:script/workspace/loading.lua:100]: Preload file at: file:///home/rangeledward1/.vscode-oss/extensions/sumneko.lua-3.15.0-linux-x64/server/meta/Lua%205.4%20en-us%20utf8/table.lua , size = 4.551 KB
[11:29:11.108][info] [#0:script/workspace/loading.lua:112]: ++++As library of:	file:///home/rangeledward1/.vscode-oss/extensions/sumneko.lua-3.15.0-linux-x64/server/meta/Lua%205.4%20en-us%20utf8/table.lua
[11:29:11.108][info] [#0:script/workspace/loading.lua:88]: Skip loaded file: file:///home/rangeledward1/.vscode-oss/extensions/sumneko.lua-3.15.0-linux-x64/server/meta/Lua%205.4%20en-us%20utf8/table.lua
[11:29:11.108][info] [#0:script/workspace/loading.lua:112]: ++++As library of:	file:///home/rangeledward1/.vscode-oss/extensions/sumneko.lua-3.15.0-linux-x64/server/meta/Lua%205.4%20en-us%20utf8/table.lua
[11:29:11.108][info] [#0:script/workspace/loading.lua:100]: Preload file at: file:///home/rangeledward1/.vscode-oss/extensions/sumneko.lua-3.15.0-linux-x64/server/meta/Lua%205.4%20en-us%20utf8/package.lua , size = 3.050 KB
[11:29:11.112][info] [#0:script/workspace/loading.lua:112]: ++++As library of:	file:///home/rangeledward1/.vscode-oss/extensions/sumneko.lua-3.15.0-linux-x64/server/meta/Lua%205.4%20en-us%20utf8/package.lua
[11:29:11.112][info] [#0:script/workspace/loading.lua:88]: Skip loaded file: file:///home/rangeledward1/.vscode-oss/extensions/sumneko.lua-3.15.0-linux-x64/server/meta/Lua%205.4%20en-us%20utf8/package.lua
[11:29:11.112][info] [#0:script/workspace/loading.lua:112]: ++++As library of:	file:///home/rangeledward1/.vscode-oss/extensions/sumneko.lua-3.15.0-linux-x64/server/meta/Lua%205.4%20en-us%20utf8/package.lua
[11:29:11.112][info] [#0:script/workspace/loading.lua:172]: Loaded files takes [0.034] sec: <fallback>
[11:29:11.112][info] [#0:script/workspace/loading.lua:181]: Compile files takes [0.000] sec: <fallback>
[11:29:11.112][info] [#0:script/workspace/loading.lua:182]: Loaded finish:	<fallback>
[11:29:11.112][info] [#0:script/workspace/workspace.lua:387]: Preload finish at:	<fallback>
[11:29:11.113][info] [#0:script/workspace/loading.lua:88]: Skip loaded file: file:///home/rangeledward1/Documents/learning-lua/mastering_lua/Projects/main.lua
[11:29:11.214][info] [#0:script/workspace/loading.lua:100]: Preload file at: file:///home/rangeledward1/Documents/learning-lua/mastering_lua/Projects/vim_motions/main.lua , size = 14.169 KB
[11:29:11.319][info] [#0:script/workspace/loading.lua:172]: Loaded files takes [0.040] sec: file:///home/rangeledward1/Documents/learning-lua/mastering_lua
[11:29:11.319][info] [#0:script/workspace/loading.lua:181]: Compile files takes [0.000] sec: file:///home/rangeledward1/Documents/learning-lua/mastering_lua
[11:29:11.319][info] [#0:script/workspace/loading.lua:182]: Loaded finish:	file:///home/rangeledward1/Documents/learning-lua/mastering_lua
[11:29:11.319][info] [#0:script/workspace/workspace.lua:387]: Preload finish at:	file:///home/rangeledward1/Documents/learning-lua/mastering_lua
[11:29:11.321][info] [#0:script/provider/diagnostic.lua:560]: Diagnostics scope [file:///home/rangeledward1/Documents/learning-lua/mastering_lua], files count:[13]
[11:29:11.379][info] [#0:script/provider/diagnostic.lua:577]: Diagnostics scope [file:///home/rangeledward1/Documents/learning-lua/mastering_lua] finished, takes [0.025] sec.
[11:29:12.094][info] [#0:script/provider/provider.lua:49]: Load config from client	file:///home/rangeledward1/Documents/learning-lua/mastering_lua
[11:29:12.094][info] [#0:script/provider/provider.lua:50]: {
  Lua = {
    addonManager = {
      enable = true,
      repositoryBranch = "",
      repositoryPath = ""
    },
    addonRepositoryPath = "",
    codeLens = {
      enable = false
    },
    completion = {
      autoRequire = true,
      callSnippet = "Disable",
      displayContext = 0,
      enable = true,
      keywordSnippet = "Replace",
      postfix = "@",
      requireSeparator = ".",
      showParams = true,
      showWord = "Fallback",
      workspaceWord = true
    },
    diagnostics = {
      disable = {},
      disableScheme = { "git" },
      enable = true,
      globals = {},
      globalsRegex = {},
      groupFileStatus = {},
      groupSeverity = {},
      ignoredFiles = "Opened",
      libraryFiles = "Opened",
      neededFileStatus = {},
      severity = {},
      unusedLocalExclude = {},
      workspaceDelay = 3000,
      workspaceEvent = "OnSave",
      workspaceRate = 100
    },
    doc = {
      packageName = {},
      privateName = {},
      protectedName = {},
      regengine = "glob"
    },
    docScriptPath = "",
    format = {
      defaultConfig = {},
      enable = true
    },
    hint = {
      arrayIndex = "Auto",
      await = true,
      awaitPropagate = false,
      enable = false,
      paramName = "All",
      paramType = true,
      semicolon = "SameLine",
      setType = false
    },
    hover = {
      enable = true,
      enumsLimit = 5,
      expandAlias = true,
      previewFields = 10,
      viewNumber = true,
      viewString = true,
      viewStringMax = 1000
    },
    language = {
      completeAnnotation = true,
      fixIndent = true
    },
    misc = {
      executablePath = "",
      parameters = {}
    },
    nameStyle = {
      config = {}
    },
    runtime = {
      builtin = {},
      fileEncoding = "utf8",
      meta = "${version} ${language} ${encoding}",
      nonstandardSymbol = {},
      path = { "?.lua", "?/init.lua" },
      pathStrict = false,
      plugin = "",
      pluginArgs = {},
      special = {},
      unicodeName = false,
      version = "Lua 5.4"
    },
    semantic = {
      annotation = true,
      enable = true,
      keyword = false,
      variable = true
    },
    signatureHelp = {
      enable = true
    },
    spell = {
      dict = {}
    },
    type = {
      castNumberToInteger = true,
      checkTableShape = false,
      inferParamType = false,
      inferTableSize = 10,
      maxUnionVariants = 0,
      weakNilCheck = false,
      weakUnionCheck = false
    },
    typeFormat = {
      config = {}
    },
    window = {
      progressBar = true,
      statusBar = true
    },
    workspace = {
      checkThirdParty = "",
      ignoreDir = { ".vscode" },
      ignoreSubmodules = true,
      library = {},
      maxPreload = 5000,
      preloadFileSize = 500,
      useGitIgnore = true,
      userThirdParty = {}
    }
  },
  ["editor.acceptSuggestionOnEnter"] = "on",
  ["editor.semanticHighlighting.enabled"] = "configuredByTheme",
  ["files.associations"] = {},
  ["files.exclude"] = {
    ["**/.DS_Store"] = true,
    ["**/.git"] = true,
    ["**/.hg"] = true,
    ["**/.svn"] = true,
    ["**/Thumbs.db"] = true
  }
}
[11:29:12.096][info] [#0:script/provider/provider.lua:65]: Load config from client	fallback
[11:29:12.096][info] [#0:script/provider/provider.lua:66]: {
  Lua = {
    addonManager = {
      enable = true,
      repositoryBranch = "",
      repositoryPath = ""
    },
    addonRepositoryPath = "",
    codeLens = {
      enable = false
    },
    completion = {
      autoRequire = true,
      callSnippet = "Disable",
      displayContext = 0,
      enable = true,
      keywordSnippet = "Replace",
      postfix = "@",
      requireSeparator = ".",
      showParams = true,
      showWord = "Fallback",
      workspaceWord = true
    },
    diagnostics = {
      disable = {},
      disableScheme = { "git" },
      enable = true,
      globals = {},
      globalsRegex = {},
      groupFileStatus = {},
      groupSeverity = {},
      ignoredFiles = "Opened",
      libraryFiles = "Opened",
      neededFileStatus = {},
      severity = {},
      unusedLocalExclude = {},
      workspaceDelay = 3000,
      workspaceEvent = "OnSave",
      workspaceRate = 100
    },
    doc = {
      packageName = {},
      privateName = {},
      protectedName = {},
      regengine = "glob"
    },
    docScriptPath = "",
    format = {
      defaultConfig = {},
      enable = true
    },
    hint = {
      arrayIndex = "Auto",
      await = true,
      awaitPropagate = false,
      enable = false,
      paramName = "All",
      paramType = true,
      semicolon = "SameLine",
      setType = false
    },
    hover = {
      enable = true,
      enumsLimit = 5,
      expandAlias = true,
      previewFields = 10,
      viewNumber = true,
      viewString = true,
      viewStringMax = 1000
    },
    language = {
      completeAnnotation = true,
      fixIndent = true
    },
    misc = {
      executablePath = "",
      parameters = {}
    },
    nameStyle = {
      config = {}
    },
    runtime = {
      builtin = {},
      fileEncoding = "utf8",
      meta = "${version} ${language} ${encoding}",
      nonstandardSymbol = {},
      path = { "?.lua", "?/init.lua" },
      pathStrict = false,
      plugin = "",
      pluginArgs = {},
      special = {},
      unicodeName = false,
      version = "Lua 5.4"
    },
    semantic = {
      annotation = true,
      enable = true,
      keyword = false,
      variable = true
    },
    signatureHelp = {
      enable = true
    },
    spell = {
      dict = {}
    },
    type = {
      castNumberToInteger = true,
      checkTableShape = false,
      inferParamType = false,
      inferTableSize = 10,
      maxUnionVariants = 0,
      weakNilCheck = false,
      weakUnionCheck = false
    },
    typeFormat = {
      config = {}
    },
    window = {
      progressBar = true,
      statusBar = true
    },
    workspace = {
      checkThirdParty = "",
      ignoreDir = { ".vscode" },
      ignoreSubmodules = true,
      library = {},
      maxPreload = 5000,
      preloadFileSize = 500,
      useGitIgnore = true,
      userThirdParty = {}
    }
  },
  ["editor.acceptSuggestionOnEnter"] = "on",
  ["editor.semanticHighlighting.enabled"] = "configuredByTheme",
  ["files.associations"] = {},
  ["files.exclude"] = {
    ["**/.DS_Store"] = true,
    ["**/.git"] = true,
    ["**/.hg"] = true,
    ["**/.svn"] = true,
    ["**/Thumbs.db"] = true
  }
}
[11:29:40.006][info] [#0:script/provider/provider.lua:176]: Server shutdown.
[11:29:40.006][warn] [#0:script/pub/report.lua:24]: Load proto error:	Disconnected!
